<?xml version="1.0" encoding="UTF-8"?>
<!-- Generated by org.testng.reporters.JUnitReportReporter -->
<testsuite hostname="DESKTOP-6NQ8E1M" failures="0" tests="1" name="test.TS_002_SearchHotelPageTest" time="18.038" errors="0" timestamp="2024-11-22T22:28:26 IST" skipped="0">
  <testcase classname="test.TS_002_SearchHotelPageTest" name="setHotelDetails" time="18.038"/>
</testsuite> <!-- test.TS_002_SearchHotelPageTest -->
