<?xml version="1.0" encoding="UTF-8"?>
<!-- Generated by org.testng.reporters.JUnitReportReporter -->
<testsuite hostname="DESKTOP-6NQ8E1M" failures="0" tests="4" name="test.TS_001_LoginWithParametersTest" time="12.694" errors="0" timestamp="2024-11-22T22:28:26 IST" skipped="0">
  <testcase classname="test.TS_001_LoginWithParametersTest" name="LoginwithParameter" time="2.658"/>
  <testcase classname="test.TS_001_LoginWithParametersTest" name="LoginwithParameter" time="3.106"/>
  <testcase classname="test.TS_001_LoginWithParametersTest" name="LoginwithParameter" time="3.588"/>
  <testcase classname="test.TS_001_LoginWithParametersTest" name="LoginwithParameter" time="3.342"/>
</testsuite> <!-- test.TS_001_LoginWithParametersTest -->
