<?xml version="1.0" encoding="UTF-8"?>
<!-- Generated by org.testng.reporters.JUnitReportReporter -->
<testsuite hostname="DESKTOP-6NQ8E1M" failures="0" tests="4" name="test.TS_001_LoginWithParametersTest" time="10.632" errors="0" timestamp="2024-11-22T20:28:10 IST" skipped="0">
  <testcase classname="test.TS_001_LoginWithParametersTest" name="LoginwithParameter" time="2.745"/>
  <testcase classname="test.TS_001_LoginWithParametersTest" name="LoginwithParameter" time="2.788"/>
  <testcase classname="test.TS_001_LoginWithParametersTest" name="LoginwithParameter" time="2.573"/>
  <testcase classname="test.TS_001_LoginWithParametersTest" name="LoginwithParameter" time="2.526"/>
</testsuite> <!-- test.TS_001_LoginWithParametersTest -->
