<?xml version="1.0" encoding="UTF-8"?>
<!-- Generated by org.testng.reporters.JUnitReportReporter -->
<testsuite hostname="DESKTOP-6NQ8E1M" failures="0" tests="1" name="test.TS_004_ChangePasswordTest" time="6.744" errors="0" timestamp="2024-11-22T20:28:10 IST" skipped="0">
  <testcase classname="test.TS_004_ChangePasswordTest" name="changePassword" time="6.744"/>
</testsuite> <!-- test.TS_004_ChangePasswordTest -->
