<?xml version="1.0" encoding="UTF-8"?>
<!-- Generated by org.testng.reporters.JUnitReportReporter -->
<testsuite hostname="DESKTOP-6NQ8E1M" failures="0" tests="1" name="test.LoginPageTest" time="4.443" errors="0" timestamp="2024-11-22T20:28:10 IST" skipped="0">
  <testcase classname="test.LoginPageTest" name="LoginToAdactin" time="4.443"/>
</testsuite> <!-- test.LoginPageTest -->
